[debug] [2025-05-19T17:34:42.718Z] ----------------------------------------------------------------------
[debug] [2025-05-19T17:34:42.723Z] Command:       /nix/store/rbdrkcs5kkwpalxcd7c6bnm33lk2955n-nodejs-20.19.0/bin/node /home/user/.global_modules/bin/firebase init
[debug] [2025-05-19T17:34:42.724Z] CLI Version:   14.4.0
[debug] [2025-05-19T17:34:42.725Z] Platform:      linux
[debug] [2025-05-19T17:34:42.725Z] Node Version:  v20.19.0
[debug] [2025-05-19T17:34:42.725Z] Time:          Mon May 19 2025 17:34:42 GMT+0000 (Coordinated Universal Time)
[debug] [2025-05-19T17:34:42.725Z] ----------------------------------------------------------------------
[debug] 
[debug] [2025-05-19T17:34:43.407Z] > command requires scopes: ["email","openid","https://www.googleapis.com/auth/cloudplatformprojects.readonly","https://www.googleapis.com/auth/firebase","https://www.googleapis.com/auth/cloud-platform"]
[debug] [2025-05-19T17:34:43.408Z] > authorizing via signed-in user (admin@publicidadeja.com.br)
[info] 
     ######## #### ########  ######## ########     ###     ######  ########
     ##        ##  ##     ## ##       ##     ##  ##   ##  ##       ##
     ######    ##  ########  ######   ########  #########  ######  ######
     ##        ##  ##    ##  ##       ##     ## ##     ##       ## ##
     ##       #### ##     ## ######## ########  ##     ##  ######  ########

You're about to initialize a Firebase project in this directory:

  /home/user/studio

Before we get started, keep in mind:

  * You are initializing within an existing Firebase project directory

[info] 
=== Project Setup
[info] 
[info] First, let's associate this project directory with a Firebase project.
[info] You can create multiple project aliases by running firebase use --add, 
[info] but for now we'll just set up a default project.
[info] 
[debug] [2025-05-19T17:34:47.192Z] Using project from CLI flag: checkup-ponpf
[debug] [2025-05-19T17:34:47.196Z] Checked if tokens are valid: true, expires at: 1747679262858
[debug] [2025-05-19T17:34:47.196Z] Checked if tokens are valid: true, expires at: 1747679262858
[debug] [2025-05-19T17:34:47.204Z] >>> [apiv2][query] GET https://firebase.googleapis.com/v1beta1/projects/checkup-ponpf [none]
[debug] [2025-05-19T17:34:47.597Z] <<< [apiv2][status] GET https://firebase.googleapis.com/v1beta1/projects/checkup-ponpf 200
[debug] [2025-05-19T17:34:47.597Z] <<< [apiv2][body] GET https://firebase.googleapis.com/v1beta1/projects/checkup-ponpf {"projectId":"checkup-ponpf","projectNumber":"444314642497","displayName":"CheckUp","name":"projects/checkup-ponpf","resources":{"hostingSite":"checkup-ponpf"},"state":"ACTIVE","etag":"1_dd67f3e8-c992-4c4d-bca4-3ddab10da53d"}
[info] i  Using project checkup-ponpf (CheckUp) 
[info] 
=== Functions Setup
[debug] [2025-05-19T17:34:47.608Z] > command requires scopes: ["email","openid","https://www.googleapis.com/auth/cloudplatformprojects.readonly","https://www.googleapis.com/auth/firebase","https://www.googleapis.com/auth/cloud-platform"]
[debug] [2025-05-19T17:34:47.611Z] > authorizing via signed-in user (admin@publicidadeja.com.br)
[debug] [2025-05-19T17:34:47.612Z] [iam] checking project checkup-ponpf for permissions ["firebase.projects.get"]
[debug] [2025-05-19T17:34:47.614Z] Checked if tokens are valid: true, expires at: 1747679262858
[debug] [2025-05-19T17:34:47.614Z] Checked if tokens are valid: true, expires at: 1747679262858
[debug] [2025-05-19T17:34:47.614Z] >>> [apiv2][query] POST https://cloudresourcemanager.googleapis.com/v1/projects/checkup-ponpf:testIamPermissions [none]
[debug] [2025-05-19T17:34:47.614Z] >>> [apiv2][(partial)header] POST https://cloudresourcemanager.googleapis.com/v1/projects/checkup-ponpf:testIamPermissions x-goog-quota-user=projects/checkup-ponpf
[debug] [2025-05-19T17:34:47.614Z] >>> [apiv2][body] POST https://cloudresourcemanager.googleapis.com/v1/projects/checkup-ponpf:testIamPermissions {"permissions":["firebase.projects.get"]}
[debug] [2025-05-19T17:34:48.478Z] <<< [apiv2][status] POST https://cloudresourcemanager.googleapis.com/v1/projects/checkup-ponpf:testIamPermissions 200
[debug] [2025-05-19T17:34:48.478Z] <<< [apiv2][body] POST https://cloudresourcemanager.googleapis.com/v1/projects/checkup-ponpf:testIamPermissions {"permissions":["firebase.projects.get"]}
[debug] [2025-05-19T17:34:48.480Z] Checked if tokens are valid: true, expires at: 1747679262858
[debug] [2025-05-19T17:34:48.480Z] Checked if tokens are valid: true, expires at: 1747679262858
[debug] [2025-05-19T17:34:48.480Z] Checked if tokens are valid: true, expires at: 1747679262858
[debug] [2025-05-19T17:34:48.481Z] Checked if tokens are valid: true, expires at: 1747679262858
[debug] [2025-05-19T17:34:48.481Z] >>> [apiv2][query] GET https://serviceusage.googleapis.com/v1/projects/checkup-ponpf/services/cloudfunctions.googleapis.com [none]
[debug] [2025-05-19T17:34:48.481Z] >>> [apiv2][(partial)header] GET https://serviceusage.googleapis.com/v1/projects/checkup-ponpf/services/cloudfunctions.googleapis.com x-goog-quota-user=projects/checkup-ponpf
[debug] [2025-05-19T17:34:48.487Z] >>> [apiv2][query] GET https://serviceusage.googleapis.com/v1/projects/checkup-ponpf/services/runtimeconfig.googleapis.com [none]
[debug] [2025-05-19T17:34:48.487Z] >>> [apiv2][(partial)header] GET https://serviceusage.googleapis.com/v1/projects/checkup-ponpf/services/runtimeconfig.googleapis.com x-goog-quota-user=projects/checkup-ponpf
[debug] [2025-05-19T17:34:49.497Z] <<< [apiv2][status] GET https://serviceusage.googleapis.com/v1/projects/checkup-ponpf/services/cloudfunctions.googleapis.com 200
[debug] [2025-05-19T17:34:49.498Z] <<< [apiv2][body] GET https://serviceusage.googleapis.com/v1/projects/checkup-ponpf/services/cloudfunctions.googleapis.com [omitted]
[debug] [2025-05-19T17:34:49.511Z] <<< [apiv2][status] GET https://serviceusage.googleapis.com/v1/projects/checkup-ponpf/services/runtimeconfig.googleapis.com 200
[debug] [2025-05-19T17:34:49.511Z] <<< [apiv2][body] GET https://serviceusage.googleapis.com/v1/projects/checkup-ponpf/services/runtimeconfig.googleapis.com [omitted]
[info] 
Detected existing codebase(s): default

[debug] [2025-05-19T17:35:37.245Z] ExitPromptError: User force closed the prompt with SIGINT
    at Interface.sigint (/home/user/.global_modules/lib/node_modules/firebase-tools/node_modules/@inquirer/core/dist/commonjs/lib/create-prompt.js:100:37)
    at Interface.emit (node:events:524:28)
    at Interface.emit (node:domain:489:12)
    at [_ttyWrite] [as _ttyWrite] (node:internal/readline/interface:1125:18)
    at ReadStream.onkeypress (node:internal/readline/interface:264:20)
    at ReadStream.emit (node:events:536:35)
    at ReadStream.emit (node:domain:489:12)
    at emitKeys (node:internal/readline/utils:371:14)
    at emitKeys.next (<anonymous>)
    at ReadStream.onData (node:internal/readline/emitKeypressEvents:64:36)
[error] 
[error] Error: An unexpected error has occurred.
